
> frontend@0.1.0 start
> react-scripts start

(node:8893) [DEP_WEBPACK_DEV_SERVER_ON_AFTER_SETUP_MIDDLEWARE] DeprecationWarning: 'onAfterSetupMiddleware' option is deprecated. Please use the 'setupMiddlewares' option.
(Use `node --trace-deprecation ...` to show where the warning was created)
(node:8893) [DEP_WEBPACK_DEV_SERVER_ON_BEFORE_SETUP_MIDDLEWARE] DeprecationWarning: 'onBeforeSetupMiddleware' option is deprecated. Please use the 'setupMiddlewares' option.
Starting the development server...

Compiled successfully!

You can now view frontend in the browser.

  Local:            http://localhost:3000
  On Your Network:  http://192.168.0.2:3000

Note that the development build is not optimized.
To create a production build, use npm run build.

webpack compiled successfully
Compiling...
Compiled successfully!
webpack compiled successfully
Compiling...
Compiled successfully!
webpack compiled successfully
Failed to compile.

Module not found: Error: Can't resolve '/app/frontend/src/index.js' in '/app/frontend'
ERROR in main
Module not found: Error: Can't resolve '/app/frontend/src/index.js' in '/app/frontend'

webpack compiled with 1 error
Failed to compile.

Error: ENOENT: no such file or directory, open '/app/frontend/node_modules/react-refresh/runtime.js'
LOG from webpack.FileSystemInfo
<w> Managed item /app/frontend/node_modules/react-refresh isn't a directory or doesn't contain a package.json (see snapshot.managedPaths option)
+ 8 hidden lines

ERROR in ./node_modules/react-refresh/runtime.js
Module build failed (from ./node_modules/source-map-loader/dist/cjs.js):
Error: ENOENT: no such file or directory, open '/app/frontend/node_modules/react-refresh/runtime.js'

ERROR in main
Module not found: Error: Can't resolve '/app/frontend/src/index.js' in '/app/frontend'

webpack compiled with 2 errors
Failed to compile.

Error: ENOENT: no such file or directory, open '/app/frontend/node_modules/react-refresh/runtime.js'
LOG from webpack.FileSystemInfo
<w> Managed item /app/frontend/node_modules/webpack-dev-server isn't a directory or doesn't contain a package.json (see snapshot.managedPaths option)
+ 13 hidden lines

ERROR in ./node_modules/react-refresh/runtime.js
Module build failed (from ./node_modules/source-map-loader/dist/cjs.js):
Error: ENOENT: no such file or directory, open '/app/frontend/node_modules/react-refresh/runtime.js'

ERROR in ./node_modules/webpack-dev-server/client/index.js?protocol=ws%3A&hostname=0.0.0.0&port=3000&pathname=%2Fws&logging=none&overlay=%7B%22errors%22%3Atrue%2C%22warnings%22%3Afalse%7D&reconnect=10&hot=true&live-reload=true
Module build failed (from ./node_modules/source-map-loader/dist/cjs.js):
Error: ENOENT: no such file or directory, open '/app/frontend/node_modules/webpack-dev-server/client/index.js'

ERROR in main
Module not found: Error: Can't resolve '/app/frontend/src/index.js' in '/app/frontend'

webpack compiled with 3 errors
Failed to compile.

Error: ENOENT: no such file or directory, open '/app/frontend/node_modules/react-refresh/runtime.js'
LOG from webpack.FileSystemInfo
<w> Managed item /app/frontend/node_modules/webpack-dev-server isn't a directory or doesn't contain a package.json (see snapshot.managedPaths option)
+ 14 hidden lines

ERROR in ./node_modules/react-refresh/runtime.js
Module build failed (from ./node_modules/source-map-loader/dist/cjs.js):
Error: ENOENT: no such file or directory, open '/app/frontend/node_modules/react-refresh/runtime.js'

ERROR in ./node_modules/webpack-dev-server/client/index.js?protocol=ws%3A&hostname=0.0.0.0&port=3000&pathname=%2Fws&logging=none&overlay=%7B%22errors%22%3Atrue%2C%22warnings%22%3Afalse%7D&reconnect=10&hot=true&live-reload=true
Module build failed (from ./node_modules/source-map-loader/dist/cjs.js):
Error: ENOENT: no such file or directory, open '/app/frontend/node_modules/webpack-dev-server/client/index.js'

ERROR in main
Module not found: Error: Can't resolve '/app/frontend/src/index.js' in '/app/frontend'

webpack compiled with 3 errors
Failed to compile.

Error: ENOENT: no such file or directory, open '/app/frontend/node_modules/react-refresh/runtime.js'
ERROR in ./node_modules/react-refresh/runtime.js
Module build failed (from ./node_modules/source-map-loader/dist/cjs.js):
Error: ENOENT: no such file or directory, open '/app/frontend/node_modules/react-refresh/runtime.js'

ERROR in ./node_modules/webpack-dev-server/client/index.js?protocol=ws%3A&hostname=0.0.0.0&port=3000&pathname=%2Fws&logging=none&overlay=%7B%22errors%22%3Atrue%2C%22warnings%22%3Afalse%7D&reconnect=10&hot=true&live-reload=true
Module build failed (from ./node_modules/source-map-loader/dist/cjs.js):
Error: ENOENT: no such file or directory, open '/app/frontend/node_modules/webpack-dev-server/client/index.js'

ERROR in main
Module not found: Error: Can't resolve '/app/frontend/src/index.js' in '/app/frontend'

webpack compiled with 3 errors
Failed to compile.

Error: ENOENT: no such file or directory, open '/app/frontend/node_modules/react-refresh/runtime.js'
ERROR in ./node_modules/react-refresh/runtime.js
Module build failed (from ./node_modules/source-map-loader/dist/cjs.js):
Error: ENOENT: no such file or directory, open '/app/frontend/node_modules/react-refresh/runtime.js'

ERROR in ./node_modules/webpack-dev-server/client/index.js?protocol=ws%3A&hostname=0.0.0.0&port=3000&pathname=%2Fws&logging=none&overlay=%7B%22errors%22%3Atrue%2C%22warnings%22%3Afalse%7D&reconnect=10&hot=true&live-reload=true
Module build failed (from ./node_modules/source-map-loader/dist/cjs.js):
Error: ENOENT: no such file or directory, open '/app/frontend/node_modules/webpack-dev-server/client/index.js'

ERROR in main
Module not found: Error: Can't resolve '/app/frontend/src/index.js' in '/app/frontend'

webpack compiled with 3 errors
Failed to compile.

Error: ENOENT: no such file or directory, open '/app/frontend/node_modules/webpack-dev-server/client/index.js'
LOG from webpack.FileSystemInfo
<w> Managed item /app/frontend/node_modules/@pmmmwh/react-refresh-webpack-plugin isn't a directory or doesn't contain a package.json (see snapshot.managedPaths option)
+ 13 hidden lines

ERROR in ./node_modules/webpack-dev-server/client/index.js?protocol=ws%3A&hostname=0.0.0.0&port=3000&pathname=%2Fws&logging=none&overlay=%7B%22errors%22%3Atrue%2C%22warnings%22%3Afalse%7D&reconnect=10&hot=true&live-reload=true
Module build failed (from ./node_modules/source-map-loader/dist/cjs.js):
Error: ENOENT: no such file or directory, open '/app/frontend/node_modules/webpack-dev-server/client/index.js'

ERROR in Module not found: Error: Can't resolve '/app/frontend/node_modules/@pmmmwh/react-refresh-webpack-plugin/client/ReactRefreshEntry.js' in '/app/frontend'

ERROR in main
Module not found: Error: Can't resolve '/app/frontend/src/index.js' in '/app/frontend'

webpack compiled with 3 errors
Failed to compile.

Error: ENOENT: no such file or directory, open '/app/frontend/node_modules/events/events.js'
LOG from webpack.FileSystemInfo
<w> Managed item /app/frontend/node_modules/events isn't a directory or doesn't contain a package.json (see snapshot.managedPaths option)
+ 8 hidden lines

ERROR in ./node_modules/events/events.js
Module build failed (from ./node_modules/source-map-loader/dist/cjs.js):
Error: ENOENT: no such file or directory, open '/app/frontend/node_modules/events/events.js'

ERROR in ./node_modules/webpack-dev-server/client/index.js?protocol=ws%3A&hostname=0.0.0.0&port=3000&pathname=%2Fws&logging=none&overlay=%7B%22errors%22%3Atrue%2C%22warnings%22%3Afalse%7D&reconnect=10&hot=true&live-reload=true
Module build failed (from ./node_modules/source-map-loader/dist/cjs.js):
Error: ENOENT: no such file or directory, open '/app/frontend/node_modules/webpack-dev-server/client/index.js'

ERROR in Module not found: Error: Can't resolve '/app/frontend/node_modules/@pmmmwh/react-refresh-webpack-plugin/client/ReactRefreshEntry.js' in '/app/frontend'

ERROR in main
Module not found: Error: Can't resolve '/app/frontend/src/index.js' in '/app/frontend'

webpack compiled with 4 errors
Failed to compile.

Error: ENOENT: no such file or directory, open '/app/frontend/node_modules/events/events.js'
ERROR in ./node_modules/events/events.js
Module build failed (from ./node_modules/source-map-loader/dist/cjs.js):
Error: ENOENT: no such file or directory, open '/app/frontend/node_modules/events/events.js'

ERROR in ./node_modules/webpack-dev-server/client/index.js?protocol=ws%3A&hostname=0.0.0.0&port=3000&pathname=%2Fws&logging=none&overlay=%7B%22errors%22%3Atrue%2C%22warnings%22%3Afalse%7D&reconnect=10&hot=true&live-reload=true
Module build failed (from ./node_modules/source-map-loader/dist/cjs.js):
Error: ENOENT: no such file or directory, open '/app/frontend/node_modules/webpack-dev-server/client/index.js'

ERROR in Module not found: Error: Can't resolve '/app/frontend/node_modules/@pmmmwh/react-refresh-webpack-plugin/client/ReactRefreshEntry.js' in '/app/frontend'

ERROR in main
Module not found: Error: Can't resolve '/app/frontend/src/index.js' in '/app/frontend'

ERROR in Error: Child compilation failed:
Module not found: Error: Can't resolve '/app/frontend/node_modules/html-webpack-plugin/lib/loader.js' in '/app/frontend'
ModuleNotFoundError: Module not found: Error: Can't resolve '/app/frontend/node_modules/html-webpack-plugin/lib/loader.js' in '/app/frontend'
    at /app/frontend/node_modules/webpack/lib/Compilation.js:2052:28
    at /app/frontend/node_modules/webpack/lib/NormalModuleFactory.js:1031:13
    at eval (eval at create (/app/frontend/node_modules/tapable/lib/HookCodeFactory.js:31:10), <anonymous>:10:1)
    at /app/frontend/node_modules/webpack/lib/NormalModuleFactory.js:432:22
    at eval (eval at create (/app/frontend/node_modules/tapable/lib/HookCodeFactory.js:31:10), <anonymous>:9:1)
    at /app/frontend/node_modules/webpack/lib/NormalModuleFactory.js:617:22
    at /app/frontend/node_modules/webpack/lib/NormalModuleFactory.js:179:10
    at /app/frontend/node_modules/webpack/lib/NormalModuleFactory.js:849:23
    at /app/frontend/node_modules/webpack/lib/NormalModuleFactory.js:1341:5
    at /app/frontend/node_modules/neo-async/async.js:2830:7
    at done (/app/frontend/node_modules/neo-async/async.js:2925:13)
    at /app/frontend/node_modules/webpack/lib/NormalModuleFactory.js:1304:23
    at finishWithoutResolve (/app/frontend/node_modules/enhanced-resolve/lib/Resolver.js:568:11)
    at /app/frontend/node_modules/enhanced-resolve/lib/Resolver.js:657:14
    at /app/frontend/node_modules/enhanced-resolve/lib/Resolver.js:718:5
    at eval (eval at create (/app/frontend/node_modules/tapable/lib/HookCodeFactory.js:31:10), <anonymous>:16:1)
    at /app/frontend/node_modules/enhanced-resolve/lib/Resolver.js:718:5
    at eval (eval at create (/app/frontend/node_modules/tapable/lib/HookCodeFactory.js:31:10), <anonymous>:16:1)
    at /app/frontend/node_modules/enhanced-resolve/lib/Resolver.js:718:5
    at eval (eval at create (/app/frontend/node_modules/tapable/lib/HookCodeFactory.js:31:10), <anonymous>:15:1)
    at /app/frontend/node_modules/enhanced-resolve/lib/Resolver.js:718:5
    at eval (eval at create (/app/frontend/node_modules/tapable/lib/HookCodeFactory.js:31:10), <anonymous>:15:1)
    at /app/frontend/node_modules/enhanced-resolve/lib/Resolver.js:718:5
    at eval (eval at create (/app/frontend/node_modules/tapable/lib/HookCodeFactory.js:31:10), <anonymous>:16:1)
    at /app/frontend/node_modules/enhanced-resolve/lib/Resolver.js:718:5
    at eval (eval at create (/app/frontend/node_modules/tapable/lib/HookCodeFactory.js:31:10), <anonymous>:16:1)
    at /app/frontend/node_modules/enhanced-resolve/lib/Resolver.js:718:5
    at eval (eval at create (/app/frontend/node_modules/tapable/lib/HookCodeFactory.js:31:10), <anonymous>:16:1)
    at /app/frontend/node_modules/enhanced-resolve/lib/Resolver.js:718:5
    at eval (eval at create (/app/frontend/node_modules/tapable/lib/HookCodeFactory.js:31:10), <anonymous>:15:1)
    at /app/frontend/node_modules/enhanced-resolve/lib/DirectoryExistsPlugin.js:43:15
    at process.processTicksAndRejections (node:internal/process/task_queues:89:21)

1 ERROR in child compilations (Use 'stats.children: true' resp. '--stats-children' for more details)
webpack compiled with 6 errors
Failed to compile.

Module not found: Error: Can't resolve '/app/frontend/node_modules/@pmmmwh/react-refresh-webpack-plugin/client/ReactRefreshEntry.js' in '/app/frontend'
ERROR in Module not found: Error: Can't resolve '/app/frontend/node_modules/@pmmmwh/react-refresh-webpack-plugin/client/ReactRefreshEntry.js' in '/app/frontend'

ERROR in Module not found: Error: Can't resolve '/app/frontend/node_modules/webpack-dev-server/client/index.js?protocol=ws%3A&hostname=0.0.0.0&port=3000&pathname=%2Fws&logging=none&overlay=%7B%22errors%22%3Atrue%2C%22warnings%22%3Afalse%7D&reconnect=10&hot=true&live-reload=true' in '/app/frontend'

ERROR in Module not found: Error: Can't resolve '/app/frontend/node_modules/webpack/hot/dev-server.js' in '/app/frontend'

ERROR in main
Module not found: Error: Can't resolve '/app/frontend/src/index.js' in '/app/frontend'

ERROR in Error: Child compilation failed:
Module not found: Error: Can't resolve '/app/frontend/node_modules/html-webpack-plugin/lib/loader.js' in '/app/frontend'
ModuleNotFoundError: Module not found: Error: Can't resolve '/app/frontend/node_modules/html-webpack-plugin/lib/loader.js' in '/app/frontend'
    at /app/frontend/node_modules/webpack/lib/Compilation.js:2052:28
    at /app/frontend/node_modules/webpack/lib/NormalModuleFactory.js:1031:13
    at eval (eval at create (/app/frontend/node_modules/tapable/lib/HookCodeFactory.js:31:10), <anonymous>:10:1)
    at /app/frontend/node_modules/webpack/lib/NormalModuleFactory.js:432:22
    at eval (eval at create (/app/frontend/node_modules/tapable/lib/HookCodeFactory.js:31:10), <anonymous>:9:1)
    at /app/frontend/node_modules/webpack/lib/NormalModuleFactory.js:617:22
    at /app/frontend/node_modules/webpack/lib/NormalModuleFactory.js:183:10
    at /app/frontend/node_modules/webpack/lib/NormalModuleFactory.js:849:23
    at /app/frontend/node_modules/webpack/lib/NormalModuleFactory.js:1341:5
    at /app/frontend/node_modules/neo-async/async.js:2830:7
    at done (/app/frontend/node_modules/neo-async/async.js:2925:13)
    at /app/frontend/node_modules/webpack/lib/NormalModuleFactory.js:1304:23
    at finishWithoutResolve (/app/frontend/node_modules/enhanced-resolve/lib/Resolver.js:568:11)
    at /app/frontend/node_modules/enhanced-resolve/lib/Resolver.js:657:14
    at /app/frontend/node_modules/enhanced-resolve/lib/Resolver.js:718:5
    at eval (eval at create (/app/frontend/node_modules/tapable/lib/HookCodeFactory.js:31:10), <anonymous>:16:1)
    at /app/frontend/node_modules/enhanced-resolve/lib/Resolver.js:718:5
    at eval (eval at create (/app/frontend/node_modules/tapable/lib/HookCodeFactory.js:31:10), <anonymous>:16:1)
    at /app/frontend/node_modules/enhanced-resolve/lib/Resolver.js:718:5
    at eval (eval at create (/app/frontend/node_modules/tapable/lib/HookCodeFactory.js:31:10), <anonymous>:15:1)
    at /app/frontend/node_modules/enhanced-resolve/lib/Resolver.js:718:5
    at eval (eval at create (/app/frontend/node_modules/tapable/lib/HookCodeFactory.js:31:10), <anonymous>:15:1)
    at /app/frontend/node_modules/enhanced-resolve/lib/Resolver.js:718:5
    at eval (eval at create (/app/frontend/node_modules/tapable/lib/HookCodeFactory.js:31:10), <anonymous>:16:1)
    at /app/frontend/node_modules/enhanced-resolve/lib/Resolver.js:718:5
    at eval (eval at create (/app/frontend/node_modules/tapable/lib/HookCodeFactory.js:31:10), <anonymous>:16:1)
    at /app/frontend/node_modules/enhanced-resolve/lib/Resolver.js:718:5
    at eval (eval at create (/app/frontend/node_modules/tapable/lib/HookCodeFactory.js:31:10), <anonymous>:16:1)
    at /app/frontend/node_modules/enhanced-resolve/lib/Resolver.js:718:5
    at eval (eval at create (/app/frontend/node_modules/tapable/lib/HookCodeFactory.js:31:10), <anonymous>:15:1)
    at /app/frontend/node_modules/enhanced-resolve/lib/DirectoryExistsPlugin.js:43:15
    at process.processTicksAndRejections (node:internal/process/task_queues:89:21)

1 ERROR in child compilations (Use 'stats.children: true' resp. '--stats-children' for more details)
webpack compiled with 6 errors
/app/frontend/node_modules/react-scripts/scripts/start.js:19
  throw err;
  ^

[Error: ENOENT: no such file or directory, stat '/app/frontend/node_modules/.cache/default-development/2.pack'] {
  errno: -2,
  code: 'ENOENT',
  syscall: 'stat',
  path: '/app/frontend/node_modules/.cache/default-development/2.pack'
}

Node.js v22.21.1
